2016/11/19 21:25:56	03_TrimNew_2.vbsを開始しました
2016/11/19 21:25:56	次のファイルの処理を開始：01_一面.txt
2016/11/19 21:25:56	24個マッチしました。
2016/11/19 21:25:56	41個マッチしました。
2016/11/19 21:25:56	次のファイルの処理を開始：02_マーケット投資.txt
2016/11/19 21:25:56	24個マッチしました。
2016/11/19 21:25:56	11個マッチしました。
2016/11/19 21:25:56	次のファイルの処理を開始：03_夕刊総合.txt
2016/11/19 21:25:56	52個マッチしました。
2016/11/19 21:25:56	30個マッチしました。
2016/11/19 21:25:56	次のファイルの処理を開始：04_ナビ.txt
2016/11/19 21:25:56	16個マッチしました。
2016/11/19 21:25:56	28個マッチしました。
2016/11/19 21:25:56	次のファイルの処理を開始：05_こころ.txt
2016/11/19 21:25:56	28個マッチしました。
2016/11/19 21:25:56	43個マッチしました。
2016/11/19 21:25:56	次のファイルの処理を開始：06_スポーツ.txt
2016/11/19 21:25:56	48個マッチしました。
2016/11/19 21:25:56	26個マッチしました。
2016/11/19 21:25:56	次のファイルの処理を開始：07_生活社会.txt
2016/11/19 21:25:56	28個マッチしました。
2016/11/19 21:25:56	26個マッチしました。
2016/11/19 21:25:56	次のファイルの処理を開始：08_社会.txt
2016/11/19 21:25:56	44個マッチしました。
2016/11/19 21:25:56	43個マッチしました。
2016/11/19 21:25:56	次のファイルの処理を開始：09_文化.txt
2016/11/19 21:25:56	12個マッチしました。
2016/11/19 21:25:56	23個マッチしました。
2016/11/19 21:25:57	終了
