2016/11/27 22:29:30	04_TrimNew_3.vbsを開始しました
2016/11/27 22:29:30	次のファイルの処理を開始：01_一面.txt
2016/11/27 22:29:30	5個マッチしました。
2016/11/27 22:29:30	次のファイルの処理を開始：02_総合・政治.txt
2016/11/27 22:29:30	10個マッチしました。
2016/11/27 22:29:30	次のファイルの処理を開始：03_総合・経済.txt
2016/11/27 22:29:30	7個マッチしました。
2016/11/27 22:29:30	次のファイルの処理を開始：04_経済.txt
2016/11/27 22:29:30	9個マッチしました。
2016/11/27 22:29:30	次のファイルの処理を開始：05_国際.txt
2016/11/27 22:29:30	9個マッチしました。
2016/11/27 22:29:30	次のファイルの処理を開始：06_企業.txt
2016/11/27 22:29:30	12個マッチしました。
2016/11/27 22:29:30	次のファイルの処理を開始：07_日曜に考える.txt
2016/11/27 22:29:30	20個マッチしました。
2016/11/27 22:29:30	次のファイルの処理を開始：08_美の美.txt
2016/11/27 22:29:30	2個マッチしました。
2016/11/27 22:29:30	次のファイルの処理を開始：09_読書.txt
2016/11/27 22:29:30	21個マッチしました。
2016/11/27 22:29:30	次のファイルの処理を開始：10_詩歌・教養.txt
2016/11/27 22:29:30	5個マッチしました。
2016/11/27 22:29:30	次のファイルの処理を開始：11_サイエンス.txt
2016/11/27 22:29:30	4個マッチしました。
2016/11/27 22:29:30	次のファイルの処理を開始：12_テーマ特集.txt
2016/11/27 22:29:30	3個マッチしました。
2016/11/27 22:29:30	次のファイルの処理を開始：13_スポーツ.txt
2016/11/27 22:29:30	29個マッチしました。
2016/11/27 22:29:30	次のファイルの処理を開始：14_社会.txt
2016/11/27 22:29:30	15個マッチしました。
2016/11/27 22:29:30	次のファイルの処理を開始：15_文化.txt
2016/11/27 22:29:30	3個マッチしました。
2016/11/27 22:29:31	終了
