2016/11/15 9:28:01	03_TrimNew_2.vbsを開始しました
2016/11/15 9:28:01	次のファイルの処理を開始：01_一面.txt
2016/11/15 9:28:01	20個マッチしました。
2016/11/15 9:28:01	33個マッチしました。
2016/11/15 9:28:01	次のファイルの処理を開始：02_総合.txt
2016/11/15 9:28:01	44個マッチしました。
2016/11/15 9:28:01	85個マッチしました。
2016/11/15 9:28:01	次のファイルの処理を開始：03_政治.txt
2016/11/15 9:28:01	80個マッチしました。
2016/11/15 9:28:01	70個マッチしました。
2016/11/15 9:28:01	次のファイルの処理を開始：04_経済.txt
2016/11/15 9:28:01	56個マッチしました。
2016/11/15 9:28:01	41個マッチしました。
2016/11/15 9:28:01	次のファイルの処理を開始：05_金融.txt
2016/11/15 9:28:01	48個マッチしました。
2016/11/15 9:28:01	36個マッチしました。
2016/11/15 9:28:01	次のファイルの処理を開始：06_国際.txt
2016/11/15 9:28:01	36個マッチしました。
2016/11/15 9:28:01	20個マッチしました。
2016/11/15 9:28:01	次のファイルの処理を開始：07_グローバルＢｉｚ.txt
2016/11/15 9:28:01	24個マッチしました。
2016/11/15 9:28:01	44個マッチしました。
2016/11/15 9:28:01	次のファイルの処理を開始：08_アジアＢｉｚ.txt
2016/11/15 9:28:01	44個マッチしました。
2016/11/15 9:28:01	34個マッチしました。
2016/11/15 9:28:01	次のファイルの処理を開始：09_企業.txt
2016/11/15 9:28:01	152個マッチしました。
2016/11/15 9:28:01	97個マッチしました。
2016/11/15 9:28:01	次のファイルの処理を開始：10_投資情報.txt
2016/11/15 9:28:01	168個マッチしました。
2016/11/15 9:28:01	109個マッチしました。
2016/11/15 9:28:01	次のファイルの処理を開始：11_マーケット総合.txt
2016/11/15 9:28:01	80個マッチしました。
2016/11/15 9:28:01	47個マッチしました。
2016/11/15 9:28:01	次のファイルの処理を開始：12_マーケット商品.txt
2016/11/15 9:28:01	32個マッチしました。
2016/11/15 9:28:01	31個マッチしました。
2016/11/15 9:28:01	次のファイルの処理を開始：13_景気指標.txt
2016/11/15 9:28:01	4個マッチしました。
2016/11/15 9:28:01	9個マッチしました。
2016/11/15 9:28:01	次のファイルの処理を開始：14_教室.txt
2016/11/15 9:28:01	8個マッチしました。
2016/11/15 9:28:01	34個マッチしました。
2016/11/15 9:28:01	次のファイルの処理を開始：15_キャリアアップ.txt
2016/11/15 9:28:01	32個マッチしました。
2016/11/15 9:28:01	38個マッチしました。
2016/11/15 9:28:01	次のファイルの処理を開始：16_新製品.txt
2016/11/15 9:28:01	16個マッチしました。
2016/11/15 9:28:01	25個マッチしました。
2016/11/15 9:28:01	次のファイルの処理を開始：17_スポーツ.txt
2016/11/15 9:28:01	60個マッチしました。
2016/11/15 9:28:01	41個マッチしました。
2016/11/15 9:28:01	次のファイルの処理を開始：18_社会.txt
2016/11/15 9:28:01	96個マッチしました。
2016/11/15 9:28:01	66個マッチしました。
2016/11/15 9:28:01	次のファイルの処理を開始：19_文化.txt
2016/11/15 9:28:01	20個マッチしました。
2016/11/15 9:28:01	44個マッチしました。
2016/11/15 9:28:02	終了
