2016/11/14 18:10:48	03_Trim2_aaa.vbsを開始しました
2016/11/14 18:10:48	次のファイルの処理を開始：01_一面.txt
2016/11/14 18:10:48	20個マッチしました。
2016/11/14 18:10:48	28個マッチしました。
2016/11/14 18:10:48	次のファイルの処理を開始：02_総合・政治.txt
2016/11/14 18:10:48	48個マッチしました。
2016/11/14 18:10:48	50個マッチしました。
2016/11/14 18:10:48	次のファイルの処理を開始：03_総合・経済.txt
2016/11/14 18:10:48	32個マッチしました。
2016/11/14 18:10:48	38個マッチしました。
2016/11/14 18:10:48	次のファイルの処理を開始：04_国際.txt
2016/11/14 18:10:48	28個マッチしました。
2016/11/14 18:10:48	36個マッチしました。
2016/11/14 18:10:48	次のファイルの処理を開始：05_予定.txt
2016/11/14 18:10:48	28個マッチしました。
2016/11/14 18:10:48	114個マッチしました。
2016/11/14 18:10:48	次のファイルの処理を開始：06_企業.txt
2016/11/14 18:10:48	40個マッチしました。
2016/11/14 18:10:48	34個マッチしました。
2016/11/14 18:10:48	次のファイルの処理を開始：07_日曜に考える.txt
2016/11/14 18:10:48	104個マッチしました。
2016/11/14 18:10:48	246個マッチしました。
2016/11/14 18:10:48	次のファイルの処理を開始：08_美の美.txt
2016/11/14 18:10:48	8個マッチしました。
2016/11/14 18:10:48	42個マッチしました。
2016/11/14 18:10:48	次のファイルの処理を開始：09_読書.txt
2016/11/14 18:10:48	84個マッチしました。
2016/11/14 18:10:48	101個マッチしました。
2016/11/14 18:10:48	次のファイルの処理を開始：10_詩歌・教養.txt
2016/11/14 18:10:48	12個マッチしました。
2016/11/14 18:10:48	98個マッチしました。
2016/11/14 18:10:48	次のファイルの処理を開始：11_サイエンス.txt
2016/11/14 18:10:48	16個マッチしました。
2016/11/14 18:10:48	33個マッチしました。
2016/11/14 18:10:48	次のファイルの処理を開始：12_テーマ特集.txt
2016/11/14 18:10:48	24個マッチしました。
2016/11/14 18:10:48	29個マッチしました。
2016/11/14 18:10:48	次のファイルの処理を開始：13_スポーツ.txt
2016/11/14 18:10:48	120個マッチしました。
2016/11/14 18:10:48	115個マッチしました。
2016/11/14 18:10:48	次のファイルの処理を開始：14_社会.txt
2016/11/14 18:10:48	76個マッチしました。
2016/11/14 18:10:48	65個マッチしました。
2016/11/14 18:10:48	次のファイルの処理を開始：15_文化.txt
2016/11/14 18:10:48	12個マッチしました。
2016/11/14 18:10:48	41個マッチしました。
2016/11/14 18:10:50	終了
