2016/11/14 18:11:02	04_Trim_Bodypreview.vbsを開始しました
2016/11/14 18:11:02	次のファイルの処理を開始：01_一面.txt
2016/11/14 18:11:02	5個マッチしました。
2016/11/14 18:11:02	次のファイルの処理を開始：02_総合・政治.txt
2016/11/14 18:11:02	12個マッチしました。
2016/11/14 18:11:02	次のファイルの処理を開始：03_総合・経済.txt
2016/11/14 18:11:02	7個マッチしました。
2016/11/14 18:11:02	次のファイルの処理を開始：04_国際.txt
2016/11/14 18:11:02	7個マッチしました。
2016/11/14 18:11:02	次のファイルの処理を開始：05_予定.txt
2016/11/14 18:11:02	6個マッチしました。
2016/11/14 18:11:02	次のファイルの処理を開始：06_企業.txt
2016/11/14 18:11:02	10個マッチしました。
2016/11/14 18:11:02	次のファイルの処理を開始：07_日曜に考える.txt
2016/11/14 18:11:02	26個マッチしました。
2016/11/14 18:11:02	次のファイルの処理を開始：08_美の美.txt
2016/11/14 18:11:02	2個マッチしました。
2016/11/14 18:11:02	次のファイルの処理を開始：09_読書.txt
2016/11/14 18:11:02	21個マッチしました。
2016/11/14 18:11:02	次のファイルの処理を開始：10_詩歌・教養.txt
2016/11/14 18:11:02	3個マッチしました。
2016/11/14 18:11:02	次のファイルの処理を開始：11_サイエンス.txt
2016/11/14 18:11:02	4個マッチしました。
2016/11/14 18:11:02	次のファイルの処理を開始：12_テーマ特集.txt
2016/11/14 18:11:02	6個マッチしました。
2016/11/14 18:11:02	次のファイルの処理を開始：13_スポーツ.txt
2016/11/14 18:11:02	30個マッチしました。
2016/11/14 18:11:02	次のファイルの処理を開始：14_社会.txt
2016/11/14 18:11:02	19個マッチしました。
2016/11/14 18:11:02	次のファイルの処理を開始：15_文化.txt
2016/11/14 18:11:02	3個マッチしました。
2016/11/14 18:11:03	終了
