2016/12/06 22:34:02	02_TrimNew_1.vbsを開始しました
2016/12/06 22:34:03	次のファイルの処理を開始：01_一面.txt
2016/12/06 22:34:03	20個マッチしました。
2016/12/06 22:34:03	次のファイルの処理を開始：02_総合.txt
2016/12/06 22:34:03	48個マッチしました。
2016/12/06 22:34:03	次のファイルの処理を開始：03_政治.txt
2016/12/06 22:34:03	64個マッチしました。
2016/12/06 22:34:03	次のファイルの処理を開始：04_経済.txt
2016/12/06 22:34:03	60個マッチしました。
2016/12/06 22:34:03	次のファイルの処理を開始：05_グローバルＢｉｚ.txt
2016/12/06 22:34:03	28個マッチしました。
2016/12/06 22:34:03	次のファイルの処理を開始：06_国際.txt
2016/12/06 22:34:03	60個マッチしました。
2016/12/06 22:34:03	次のファイルの処理を開始：07_アジアＢｉｚ.txt
2016/12/06 22:34:03	28個マッチしました。
2016/12/06 22:34:03	次のファイルの処理を開始：08_企業.txt
2016/12/06 22:34:03	148個マッチしました。
2016/12/06 22:34:03	次のファイルの処理を開始：09_投資情報.txt
2016/12/06 22:34:03	116個マッチしました。
2016/12/06 22:34:03	次のファイルの処理を開始：10_マーケット総合.txt
2016/12/06 22:34:03	64個マッチしました。
2016/12/06 22:34:03	次のファイルの処理を開始：11_マーケット商品.txt
2016/12/06 22:34:03	28個マッチしました。
2016/12/06 22:34:03	次のファイルの処理を開始：12_テーマ特集.txt
2016/12/06 22:34:03	52個マッチしました。
2016/12/06 22:34:03	次のファイルの処理を開始：13_教室.txt
2016/12/06 22:34:03	8個マッチしました。
2016/12/06 22:34:03	次のファイルの処理を開始：14_キャリアアップ.txt
2016/12/06 22:34:03	32個マッチしました。
2016/12/06 22:34:03	次のファイルの処理を開始：15_新製品.txt
2016/12/06 22:34:03	24個マッチしました。
2016/12/06 22:34:03	次のファイルの処理を開始：16_スポーツ.txt
2016/12/06 22:34:03	40個マッチしました。
2016/12/06 22:34:03	次のファイルの処理を開始：17_社会.txt
2016/12/06 22:34:03	104個マッチしました。
2016/12/06 22:34:03	次のファイルの処理を開始：18_文化.txt
2016/12/06 22:34:03	12個マッチしました。
