2016/12/06 12:43:07	04_TrimNew_3.vbsを開始しました
2016/12/06 12:43:07	次のファイルの処理を開始：01_一面.txt
2016/12/06 12:43:07	5個マッチしました。
2016/12/06 12:43:07	5個マッチしました。
2016/12/06 12:43:07	8個マッチしました。
2016/12/06 12:43:07	次のファイルの処理を開始：02_総合.txt
2016/12/06 12:43:07	12個マッチしました。
2016/12/06 12:43:07	12個マッチしました。
2016/12/06 12:43:07	15個マッチしました。
2016/12/06 12:43:07	次のファイルの処理を開始：03_政治.txt
2016/12/06 12:43:07	16個マッチしました。
2016/12/06 12:43:07	16個マッチしました。
2016/12/06 12:43:07	19個マッチしました。
2016/12/06 12:43:07	次のファイルの処理を開始：04_経済.txt
2016/12/06 12:43:07	15個マッチしました。
2016/12/06 12:43:07	15個マッチしました。
2016/12/06 12:43:07	18個マッチしました。
2016/12/06 12:43:07	次のファイルの処理を開始：05_グローバルＢｉｚ.txt
2016/12/06 12:43:07	7個マッチしました。
2016/12/06 12:43:07	7個マッチしました。
2016/12/06 12:43:07	10個マッチしました。
2016/12/06 12:43:07	次のファイルの処理を開始：06_国際.txt
2016/12/06 12:43:07	15個マッチしました。
2016/12/06 12:43:07	15個マッチしました。
2016/12/06 12:43:07	18個マッチしました。
2016/12/06 12:43:07	次のファイルの処理を開始：07_アジアＢｉｚ.txt
2016/12/06 12:43:07	7個マッチしました。
2016/12/06 12:43:07	7個マッチしました。
2016/12/06 12:43:07	10個マッチしました。
2016/12/06 12:43:07	次のファイルの処理を開始：08_企業.txt
2016/12/06 12:43:07	37個マッチしました。
2016/12/06 12:43:07	37個マッチしました。
2016/12/06 12:43:07	40個マッチしました。
2016/12/06 12:43:07	次のファイルの処理を開始：09_投資情報.txt
2016/12/06 12:43:07	29個マッチしました。
2016/12/06 12:43:07	29個マッチしました。
2016/12/06 12:43:07	32個マッチしました。
2016/12/06 12:43:07	次のファイルの処理を開始：10_マーケット総合.txt
2016/12/06 12:43:07	16個マッチしました。
2016/12/06 12:43:07	16個マッチしました。
2016/12/06 12:43:07	19個マッチしました。
2016/12/06 12:43:07	次のファイルの処理を開始：11_マーケット商品.txt
2016/12/06 12:43:07	7個マッチしました。
2016/12/06 12:43:07	7個マッチしました。
2016/12/06 12:43:07	10個マッチしました。
2016/12/06 12:43:07	次のファイルの処理を開始：12_テーマ特集.txt
2016/12/06 12:43:07	13個マッチしました。
2016/12/06 12:43:07	13個マッチしました。
2016/12/06 12:43:07	16個マッチしました。
2016/12/06 12:43:07	次のファイルの処理を開始：13_教室.txt
2016/12/06 12:43:07	2個マッチしました。
2016/12/06 12:43:07	2個マッチしました。
2016/12/06 12:43:07	5個マッチしました。
2016/12/06 12:43:07	次のファイルの処理を開始：14_キャリアアップ.txt
2016/12/06 12:43:07	8個マッチしました。
2016/12/06 12:43:07	8個マッチしました。
2016/12/06 12:43:07	11個マッチしました。
2016/12/06 12:43:07	次のファイルの処理を開始：15_新製品.txt
2016/12/06 12:43:07	6個マッチしました。
2016/12/06 12:43:07	6個マッチしました。
2016/12/06 12:43:07	9個マッチしました。
2016/12/06 12:43:07	次のファイルの処理を開始：16_スポーツ.txt
2016/12/06 12:43:07	10個マッチしました。
2016/12/06 12:43:07	10個マッチしました。
2016/12/06 12:43:07	13個マッチしました。
2016/12/06 12:43:07	次のファイルの処理を開始：17_社会.txt
2016/12/06 12:43:07	26個マッチしました。
2016/12/06 12:43:07	26個マッチしました。
2016/12/06 12:43:07	29個マッチしました。
2016/12/06 12:43:07	次のファイルの処理を開始：18_文化.txt
2016/12/06 12:43:07	3個マッチしました。
2016/12/06 12:43:07	3個マッチしました。
2016/12/06 12:43:07	6個マッチしました。
2016/12/06 12:43:08	終了
